<?xml version="1.0" encoding="UTF-8"?>
<!-- Generated by org.testng.reporters.JUnitReportReporter -->
<testsuite hostname="LAPTOP-TBG7DKGB" failures="0" tests="1" name="testngpack1.tengclass1" time="0.014" errors="0" timestamp="2023-01-17T14:55:52 IST" skipped="0">
  <testcase classname="testngpack1.tengclass1" name="test123" time="0.014"/>
  <system-out/>
</testsuite> <!-- testngpack1.tengclass1 -->
