<?xml version="1.0" encoding="UTF-8"?>
<!-- Generated by org.testng.reporters.JUnitReportReporter -->
<testsuite hostname="LAPTOP-TBG7DKGB" failures="0" tests="2" name="testngpack1.veifyHomePage" time="108.015" errors="0" timestamp="2023-01-28T18:48:02 IST" skipped="0">
  <testcase classname="testngpack1.veifyHomePage" name="verifySearchbutton" time="10.486"/>
  <system-out/>
  <testcase classname="testngpack1.veifyHomePage" name="verifySigninbutton" time="97.529"/>
  <system-out/>
</testsuite> <!-- testngpack1.veifyHomePage -->
