<?xml version="1.0" encoding="UTF-8"?>
<!-- Generated by org.testng.reporters.JUnitReportReporter -->
<testsuite hostname="LAPTOP-TBG7DKGB" failures="0" tests="1" name="pack1.testng" time="0.005" errors="0" timestamp="2023-01-17T11:12:14 IST" skipped="0">
  <testcase classname="pack1.testng" name="test123" time="0.005"/>
  <system-out/>
</testsuite> <!-- pack1.testng -->
